<?xml version="1.0" encoding="UTF-8"?>
<!-- Generated by org.testng.reporters.JUnitReportReporter -->
<testsuite name="SeleniumTests.CreateMyHealthRecord$LoginLogoutByClinicianUser" tests="1" time="11.663" ignored="0" failures="0" timestamp="26 Mar 2017 04:18:41 GMT" skipped="0" hostname="LAPTOP-15I83TBR" errors="0">
  <testcase name="checkValidLoginLogoutbyCAMUser" time="11.663" classname="SeleniumTests.CreateMyHealthRecord$LoginLogoutByClinicianUser"/>
</testsuite> <!-- SeleniumTests.CreateMyHealthRecord$LoginLogoutByClinicianUser -->
