<?xml version="1.0" encoding="UTF-8"?>
<!-- Generated by org.testng.reporters.JUnitReportReporter -->
<testsuite name="SeleniumTests.CheckLogo" tests="1" time="0.033" ignored="0" failures="0" timestamp="25 Mar 2017 17:58:06 GMT" skipped="0" hostname="LAPTOP-15I83TBR" errors="0">
  <testcase name="checkLogo" time="0.033" classname="SeleniumTests.CheckLogo"/>
</testsuite> <!-- SeleniumTests.CheckLogo -->
