<?xml version="1.0" encoding="UTF-8"?>
<!-- Generated by org.testng.reporters.JUnitReportReporter -->
<testsuite name="SeleniumTests.LoginLogoutByCAMUser" tests="1" time="9.185" ignored="0" failures="0" timestamp="27 Apr 2017 16:52:35 GMT" skipped="0" hostname="LAPTOP-15I83TBR" errors="0">
  <testcase name="checkValidLoginLogoutbyCAMUser" time="9.185" classname="SeleniumTests.LoginLogoutByCAMUser"/>
</testsuite> <!-- SeleniumTests.LoginLogoutByCAMUser -->
