<?xml version="1.0" encoding="UTF-8"?>
<!-- Generated by org.testng.reporters.JUnitReportReporter -->
<testsuite name="SeleniumTests.FirstPageValidation" tests="5" time="30.154" ignored="0" failures="0" timestamp="02 Mar 2017 07:56:29 GMT" skipped="0" hostname="LAPTOP-15I83TBR" errors="0">
  <testcase name="checkValidLoginLogoutbyCAMUser" time="6.232" classname="SeleniumTests.FirstPageValidation"/>
  <testcase name="SetUp" time="7.082" classname="SeleniumTests.FirstPageValidation"/>
  <testcase name="checkLoginWithInvalidCredentials" time="10.398" classname="SeleniumTests.FirstPageValidation"/>
  <testcase name="checkValidLoginLogoutbyPublicUser" time="6.415" classname="SeleniumTests.FirstPageValidation"/>
  <testcase name="checkLogo" time="0.027" classname="SeleniumTests.FirstPageValidation"/>
</testsuite> <!-- SeleniumTests.FirstPageValidation -->
