<?xml version="1.0" encoding="UTF-8"?>
<!-- Generated by org.testng.reporters.JUnitReportReporter -->
<testsuite name="SeleniumTests.LoginLogoutWithInvalidCredentials" tests="1" time="6.468" ignored="0" failures="0" timestamp="25 Mar 2017 17:58:06 GMT" skipped="0" hostname="LAPTOP-15I83TBR" errors="0">
  <testcase name="checkLoginWithInvalidCredentials" time="6.468" classname="SeleniumTests.LoginLogoutWithInvalidCredentials"/>
</testsuite> <!-- SeleniumTests.LoginLogoutWithInvalidCredentials -->
