<?xml version="1.0" encoding="UTF-8"?>
<!-- Generated by org.testng.reporters.JUnitReportReporter -->
<testsuite name="SeleniumTests.LoginLogout" tests="1" time="4.478" ignored="0" failures="0" timestamp="05 Mar 2017 15:03:21 GMT" skipped="0" hostname="LAPTOP-15I83TBR" errors="0">
  <testcase name="checkValidLoginLogoutbyCAMUser" time="4.478" classname="SeleniumTests.LoginLogout"/>
</testsuite> <!-- SeleniumTests.LoginLogout -->
