<?xml version="1.0" encoding="UTF-8"?>
<!-- Generated by org.testng.reporters.JUnitReportReporter -->
<testsuite name="SeleniumTests.CurisTest" tests="5" time="44.960" ignored="0" failures="0" timestamp="05 Mar 2017 15:00:36 GMT" skipped="0" hostname="LAPTOP-15I83TBR" errors="0">
  <testcase name="checkValidLoginLogoutbyPublicUser" time="4.326" classname="SeleniumTests.CurisTest"/>
  <testcase name="checkForgotPasswordWithInvalidCredentials" time="29.848" classname="SeleniumTests.CurisTest"/>
  <testcase name="checkLoginWithInvalidCredentials" time="6.551" classname="SeleniumTests.CurisTest"/>
  <testcase name="checkLogo" time="0.042" classname="SeleniumTests.CurisTest"/>
  <testcase name="checkValidLoginLogoutbyCAMUser" time="4.193" classname="SeleniumTests.CurisTest"/>
</testsuite> <!-- SeleniumTests.CurisTest -->
